Arguments: 
  /home/sibghatullah/.nvm/versions/node/v16.20.0/bin/node /mnt/c/Users/HyFatech/AppData/Roaming/npm/node_modules/yarn/bin/yarn.js add @reef-defi/hardhat-reef

PATH: 
  /home/sibghatullah/.nvm/versions/node/v16.20.0/bin:/usr/local/sbin:/usr/local/bin:/usr/sbin:/usr/bin:/sbin:/bin:/usr/games:/usr/local/games:/mnt/c/WINDOWS/system32:/mnt/c/WINDOWS:/mnt/c/WINDOWS/System32/Wbem:/mnt/c/WINDOWS/System32/WindowsPowerShell/v1.0/:/mnt/c/WINDOWS/System32/OpenSSH/:/mnt/c/Users/HyFatech/AppData/Roaming/nvm:/mnt/c/Program Files/nodejs:/mnt/c/Program Files/Git/cmd:/mnt/c/Program Files/Microsoft SQL Server/150/Tools/Binn/:/mnt/c/Program Files/Microsoft SQL Server/Client SDK/ODBC/170/Tools/Binn/:/mnt/c/Program Files/dotnet/:/mnt/c/Program Files/GitHub CLI/:/mnt/c/Users/HyFatech/.cargo/bin:/mnt/c/Users/HyFatech/AppData/Local/Microsoft/WindowsApps:/mnt/c/Users/HyFatech/AppData/Roaming/npm:/mnt/c/Users/HyFatech/AppData/Local/Programs/Microsoft VS Code/bin:/mnt/c/Users/HyFatech/AppData/Roaming/nvm:/mnt/c/Program Files/nodejs:/mnt/c/Users/HyFatech/.dotnet/tools:/snap/bin

Yarn version: 
  1.22.19

Node version: 
  16.20.0

Platform: 
  linux x64

Trace: 
  Error: EIO: i/o error, unlink '/mnt/d/MultiSwap/node_modules/bufferutil/prebuilds/win32-x64/node.napi.node'

npm manifest: 
  {
    "name": "multichain",
    "version": "1.0.0",
    "description": "",
    "main": "index.js",
    "scripts": {
      "test": "node ./node_modules/mocha/bin/mocha"
    },
    "keywords": [],
    "author": "",
    "license": "ISC",
    "dependencies": {
      "@chainlink/contracts": "^0.5.1",
      "@cosmjs/cosmwasm-stargate": "^0.29.2",
      "@cosmjs/proto-signing": "^0.29.2",
      "@cosmjs/stargate": "^0.29.2",
      "@nomiclabs/hardhat-web3": "^2.0.0",
      "@openzeppelin/contracts": "^4.7.3",
      "@openzeppelin/contracts-upgradeable": "^4.8.0-rc.1",
      "@openzeppelin/hardhat-upgrades": "^1.21.0",
      "axios": "^1.1.3",
      "dotenv": "^16.0.0",
      "ethereumjs-util": "^7.1.5",
      "ethers": "^5.7.2",
      "web3": "^1.8.0"
    },
    "devDependencies": {
      "@nomicfoundation/hardhat-chai-matchers": "^1.0.6",
      "@nomicfoundation/hardhat-network-helpers": "^1.0.8",
      "@nomicfoundation/hardhat-toolbox": "^2.0.0",
      "@nomiclabs/hardhat-ethers": "^2.2.3",
      "@nomiclabs/hardhat-etherscan": "^3.1.7",
      "@typechain/ethers-v5": "^10.2.0",
      "@typechain/hardhat": "^6.1.5",
      "@types/chai": "^4.3.4",
      "@types/mocha": "^9.1.1",
      "chai": "^4.3.6",
      "hardhat": "^2.14.0",
      "hardhat-gas-reporter": "^1.0.9",
      "mocha": "^10.0.0",
      "solidity-coverage": "^0.8.2",
      "ts-node": "^10.9.1",
      "typechain": "^8.1.1",
      "typescript": "^5.0.4"
    }
  }

yarn manifest: 
  No manifest

Lockfile: 
  No lockfile
